{
  "timestamp": "2025-08-08T09:11:13.857846",
  "error": "Stage 1 (SCOPE) failed due to critical frame failures:\nFrame Synthesis Analysis failed: Frame execution did not meet success criteria",
  "traceback": "Traceback (most recent call last):\n  File \"C:\\az-interface\\autonomous-framework-v2.py\", line 491, in execute_scaffold\n    stage_result = self._execute_stage(scaffold, stage, stage_num)\n  File \"C:\\az-interface\\autonomous-framework-v2.py\", line 588, in _execute_stage\n    raise Exception(f\"Stage {stage_num} ({stage.name}) failed due to critical frame failures:\\n{failure_summary}\")\nException: Stage 1 (SCOPE) failed due to critical frame failures:\nFrame Synthesis Analysis failed: Frame execution did not meet success criteria\n",
  "context": {
    "scaffold_id": "websocket_implementation",
    "input_data": {},
    "previous_results": {},
    "preserved_context": null,
    "start_time": "2025-08-08T09:11:13.714121"
  },
  "execution_log": []
}